<?xml version="1.0" encoding="UTF-8"?>
<!-- Generated by org.testng.reporters.JUnitXMLReporter -->
<testsuite ignored="0" hostname="LTIN509447" failures="0" tests="4" name="Default test" time="31.631" errors="0" timestamp="2026-03-17T14:06:13 IST">
  <testcase classname="com.cts.urbanladder.test.BookshelvesTest" name="openBookshelvesPage" time="0.674"/>
  <testcase classname="com.cts.urbanladder.test.BookshelvesTest" name="closeAd" time="0.433"/>
  <testcase classname="com.cts.urbanladder.test.BookshelvesTest" name="filterBookshelves" time="2.571"/>
  <testcase classname="com.cts.urbanladder.test.BookshelvesTest" name="printBookshelvesDetails" time="5.297"/>
</testsuite> <!-- Default test -->
