<?xml version="1.0" encoding="UTF-8"?>
<!-- Generated by org.testng.reporters.JUnitXMLReporter -->
<testsuite ignored="0" hostname="LTIN509447" failures="0" tests="4" name="Test1" time="19.452" errors="0" timestamp="2025-01-30T12:21:57 IST">
  <testcase classname="com.cts.urbanladder.test.BookshelvesTest" name="openBookshelvesPage" time="1.428"/>
  <testcase classname="com.cts.urbanladder.test.BookshelvesTest" name="closeAd" time="3.624"/>
  <testcase classname="com.cts.urbanladder.test.BookshelvesTest" name="filterBookshelves" time="1.564"/>
  <testcase classname="com.cts.urbanladder.test.BookshelvesTest" name="printBookshelvesDetails" time="1.295"/>
</testsuite> <!-- Test1 -->
