<?xml version="1.0" encoding="UTF-8"?>
<!-- Generated by org.testng.reporters.JUnitXMLReporter -->
<testsuite ignored="0" hostname="LTIN509447" failures="0" tests="7" name="Test" time="79.266" errors="0" timestamp="2026-06-08T11:41:25 IST">
  <testcase classname="com.cts.urbanladder.test.BookshelvesExcludeTest" name="openBookshelvesPage" time="0.57"/>
  <testcase classname="com.cts.urbanladder.test.BookshelvesExcludeTest" name="closeAd" time="10.147"/>
  <testcase classname="com.cts.urbanladder.test.BookshelvesExcludeTest" name="filterBookshelves" time="3.782"/>
  <testcase classname="com.cts.urbanladder.test.BookshelvesExcludeTest" name="printBookshelvesDetails" time="0.991"/>
  <testcase classname="com.cts.urbanladder.test.StudyChairsTest" name="searchStudyChairs" time="3.981"/>
  <testcase classname="com.cts.urbanladder.test.StudyChairsTest" name="displayStudyChairsDetails" time="2.205"/>
  <testcase classname="com.cts.urbanladder.test.BeingAtHomeTest" name="searchBeingAtHome" time="0.88"/>
</testsuite> <!-- Test -->
