<?xml version="1.0" encoding="UTF-8"?>
<!-- Generated by org.testng.reporters.JUnitXMLReporter -->
<testsuite ignored="0" hostname="LTIN509447" failures="0" tests="4" name="Test2" time="16.663" errors="0" timestamp="2025-01-30T12:22:14 IST">
  <testcase classname="com.cts.urbanladder.test.BookshelvesExcludeTest" name="openBookshelvesPage" time="1.274"/>
  <testcase classname="com.cts.urbanladder.test.BookshelvesExcludeTest" name="closeAd" time="3.287"/>
  <testcase classname="com.cts.urbanladder.test.BookshelvesExcludeTest" name="filterBookshelves" time="1.823"/>
  <testcase classname="com.cts.urbanladder.test.BookshelvesExcludeTest" name="printBookshelvesDetails" time="0.117"/>
</testsuite> <!-- Test2 -->
