<?xml version="1.0" encoding="UTF-8"?>
<!-- Generated by org.testng.reporters.JUnitXMLReporter -->
<testsuite ignored="0" hostname="LTIN509447" failures="0" tests="3" name="Test5" time="26.981" errors="0" timestamp="2025-01-30T12:23:10 IST">
  <testcase classname="com.cts.urbanladder.test.CheckOutTest" name="searchBeingAtHome" time="2.021"/>
  <testcase classname="com.cts.urbanladder.test.CheckOutTest" name="handleBeingAtHomePage" time="5.519"/>
  <testcase classname="com.cts.urbanladder.test.CheckOutTest" name="proceedToCheckout" time="8.8"/>
</testsuite> <!-- Test5 -->
