<?xml version="1.0" encoding="UTF-8"?>
<testng-results ignored="0" total="4" passed="4" failed="0" skipped="0">
  <reporter-output>
  </reporter-output>
  <suite started-at="2026-06-04T16:31:00 IST" name="Default suite" finished-at="2026-06-04T16:32:11 IST" duration-ms="71434">
    <groups>
    </groups>
    <test started-at="2026-06-04T16:31:00 IST" name="Default test" finished-at="2026-06-04T16:32:11 IST" duration-ms="71434">
      <class name="com.cts.urbanladder.test.BookshelvesExcludeTest">
        <test-method is-config="true" signature="setup(java.lang.String)[pri:0, instance:com.cts.urbanladder.test.BookshelvesExcludeTest@2c1b194a]" started-at="2026-06-04T16:31:00 IST" name="setup" finished-at="2026-06-04T16:32:02 IST" duration-ms="61990" status="PASS">
          <params>
            <param index="0">
              <value>
                <![CDATA[chrome]]>
              </value>
            </param>
          </params>
          <reporter-output>
          </reporter-output>
        </test-method> <!-- setup -->
        <test-method signature="openBookshelvesPage()[pri:1, instance:com.cts.urbanladder.test.BookshelvesExcludeTest@2c1b194a]" started-at="2026-06-04T16:32:02 IST" name="openBookshelvesPage" finished-at="2026-06-04T16:32:02 IST" duration-ms="630" status="PASS">
          <reporter-output>
          </reporter-output>
        </test-method> <!-- openBookshelvesPage -->
        <test-method signature="closeAd()[pri:2, instance:com.cts.urbanladder.test.BookshelvesExcludeTest@2c1b194a]" started-at="2026-06-04T16:32:03 IST" name="closeAd" finished-at="2026-06-04T16:32:03 IST" depends-on-methods="com.cts.urbanladder.test.BookshelvesExcludeTest.openBookshelvesPage" duration-ms="141" status="PASS">
          <reporter-output>
          </reporter-output>
        </test-method> <!-- closeAd -->
        <test-method signature="filterBookshelves()[pri:3, instance:com.cts.urbanladder.test.BookshelvesExcludeTest@2c1b194a]" started-at="2026-06-04T16:32:03 IST" name="filterBookshelves" finished-at="2026-06-04T16:32:05 IST" depends-on-methods="com.cts.urbanladder.test.BookshelvesExcludeTest.closeAd" duration-ms="2788" status="PASS">
          <reporter-output>
          </reporter-output>
        </test-method> <!-- filterBookshelves -->
        <test-method signature="printBookshelvesDetails()[pri:4, instance:com.cts.urbanladder.test.BookshelvesExcludeTest@2c1b194a]" started-at="2026-06-04T16:32:05 IST" name="printBookshelvesDetails" finished-at="2026-06-04T16:32:06 IST" depends-on-methods="com.cts.urbanladder.test.BookshelvesExcludeTest.filterBookshelves" duration-ms="854" status="PASS">
          <reporter-output>
          </reporter-output>
        </test-method> <!-- printBookshelvesDetails -->
        <test-method is-config="true" signature="tearDown()[pri:0, instance:com.cts.urbanladder.test.BookshelvesExcludeTest@2c1b194a]" started-at="2026-06-04T16:32:06 IST" name="tearDown" finished-at="2026-06-04T16:32:11 IST" duration-ms="4917" status="PASS">
          <reporter-output>
          </reporter-output>
        </test-method> <!-- tearDown -->
      </class> <!-- com.cts.urbanladder.test.BookshelvesExcludeTest -->
    </test> <!-- Default test -->
  </suite> <!-- Default suite -->
</testng-results>
