<?xml version="1.0" encoding="UTF-8"?>
<testng-results ignored="0" total="7" passed="7" failed="0" skipped="0">
  <reporter-output>
  </reporter-output>
  <suite started-at="2026-06-08T11:40:05 IST" name="Suite" finished-at="2026-06-08T11:41:25 IST" duration-ms="79266">
    <groups>
    </groups>
    <test started-at="2026-06-08T11:40:05 IST" name="Test" finished-at="2026-06-08T11:41:25 IST" duration-ms="79266">
      <class name="com.cts.urbanladder.test.BookshelvesExcludeTest">
        <test-method is-config="true" signature="setup(java.lang.String)[pri:0, instance:com.cts.urbanladder.test.BookshelvesExcludeTest@53aac487]" started-at="2026-06-08T11:40:06 IST" name="setup" finished-at="2026-06-08T11:40:28 IST" duration-ms="22517" status="PASS">
          <params>
            <param index="0">
              <value>
                <![CDATA[chrome]]>
              </value>
            </param>
          </params>
          <reporter-output>
          </reporter-output>
        </test-method> <!-- setup -->
        <test-method signature="openBookshelvesPage()[pri:1, instance:com.cts.urbanladder.test.BookshelvesExcludeTest@53aac487]" started-at="2026-06-08T11:40:28 IST" name="openBookshelvesPage" finished-at="2026-06-08T11:40:29 IST" duration-ms="570" status="PASS">
          <reporter-output>
          </reporter-output>
        </test-method> <!-- openBookshelvesPage -->
        <test-method signature="closeAd()[pri:2, instance:com.cts.urbanladder.test.BookshelvesExcludeTest@53aac487]" started-at="2026-06-08T11:40:29 IST" name="closeAd" finished-at="2026-06-08T11:40:39 IST" depends-on-methods="com.cts.urbanladder.test.BookshelvesExcludeTest.openBookshelvesPage" duration-ms="10147" status="PASS">
          <reporter-output>
          </reporter-output>
        </test-method> <!-- closeAd -->
        <test-method signature="filterBookshelves()[pri:3, instance:com.cts.urbanladder.test.BookshelvesExcludeTest@53aac487]" started-at="2026-06-08T11:40:39 IST" name="filterBookshelves" finished-at="2026-06-08T11:40:43 IST" depends-on-methods="com.cts.urbanladder.test.BookshelvesExcludeTest.closeAd" duration-ms="3782" status="PASS">
          <reporter-output>
          </reporter-output>
        </test-method> <!-- filterBookshelves -->
        <test-method signature="printBookshelvesDetails()[pri:4, instance:com.cts.urbanladder.test.BookshelvesExcludeTest@53aac487]" started-at="2026-06-08T11:40:43 IST" name="printBookshelvesDetails" finished-at="2026-06-08T11:40:44 IST" depends-on-methods="com.cts.urbanladder.test.BookshelvesExcludeTest.filterBookshelves" duration-ms="991" status="PASS">
          <reporter-output>
          </reporter-output>
        </test-method> <!-- printBookshelvesDetails -->
        <test-method is-config="true" signature="tearDown()[pri:0, instance:com.cts.urbanladder.test.BookshelvesExcludeTest@53aac487]" started-at="2026-06-08T11:40:44 IST" name="tearDown" finished-at="2026-06-08T11:40:50 IST" duration-ms="6214" status="PASS">
          <reporter-output>
          </reporter-output>
        </test-method> <!-- tearDown -->
      </class> <!-- com.cts.urbanladder.test.BookshelvesExcludeTest -->
      <class name="com.cts.urbanladder.test.BeingAtHomeTest">
        <test-method is-config="true" signature="setup(java.lang.String)[pri:0, instance:com.cts.urbanladder.test.BeingAtHomeTest@3f6f6701]" started-at="2026-06-08T11:41:12 IST" name="setup" finished-at="2026-06-08T11:41:20 IST" duration-ms="8099" status="PASS">
          <params>
            <param index="0">
              <value>
                <![CDATA[chrome]]>
              </value>
            </param>
          </params>
          <reporter-output>
          </reporter-output>
        </test-method> <!-- setup -->
        <test-method signature="searchBeingAtHome()[pri:1, instance:com.cts.urbanladder.test.BeingAtHomeTest@3f6f6701]" started-at="2026-06-08T11:41:20 IST" name="searchBeingAtHome" finished-at="2026-06-08T11:41:21 IST" duration-ms="880" status="PASS">
          <reporter-output>
          </reporter-output>
        </test-method> <!-- searchBeingAtHome -->
        <test-method is-config="true" signature="tearDown()[pri:0, instance:com.cts.urbanladder.test.BeingAtHomeTest@3f6f6701]" started-at="2026-06-08T11:41:21 IST" name="tearDown" finished-at="2026-06-08T11:41:25 IST" duration-ms="3720" status="PASS">
          <reporter-output>
          </reporter-output>
        </test-method> <!-- tearDown -->
      </class> <!-- com.cts.urbanladder.test.BeingAtHomeTest -->
      <class name="com.cts.urbanladder.test.StudyChairsTest">
        <test-method is-config="true" signature="setup(java.lang.String)[pri:0, instance:com.cts.urbanladder.test.StudyChairsTest@242b836]" started-at="2026-06-08T11:40:50 IST" name="setup" finished-at="2026-06-08T11:41:02 IST" duration-ms="11406" status="PASS">
          <params>
            <param index="0">
              <value>
                <![CDATA[chrome]]>
              </value>
            </param>
          </params>
          <reporter-output>
          </reporter-output>
        </test-method> <!-- setup -->
        <test-method signature="searchStudyChairs()[pri:1, instance:com.cts.urbanladder.test.StudyChairsTest@242b836]" started-at="2026-06-08T11:41:02 IST" name="searchStudyChairs" finished-at="2026-06-08T11:41:06 IST" duration-ms="3981" status="PASS">
          <reporter-output>
          </reporter-output>
        </test-method> <!-- searchStudyChairs -->
        <test-method signature="displayStudyChairsDetails()[pri:2, instance:com.cts.urbanladder.test.StudyChairsTest@242b836]" started-at="2026-06-08T11:41:06 IST" name="displayStudyChairsDetails" finished-at="2026-06-08T11:41:08 IST" depends-on-methods="com.cts.urbanladder.test.StudyChairsTest.searchStudyChairs" duration-ms="2205" status="PASS">
          <reporter-output>
          </reporter-output>
        </test-method> <!-- displayStudyChairsDetails -->
        <test-method is-config="true" signature="tearDown()[pri:0, instance:com.cts.urbanladder.test.StudyChairsTest@242b836]" started-at="2026-06-08T11:41:08 IST" name="tearDown" finished-at="2026-06-08T11:41:12 IST" duration-ms="4077" status="PASS">
          <reporter-output>
          </reporter-output>
        </test-method> <!-- tearDown -->
      </class> <!-- com.cts.urbanladder.test.StudyChairsTest -->
    </test> <!-- Test -->
  </suite> <!-- Suite -->
</testng-results>
