<?xml version="1.0" encoding="UTF-8"?>
<!-- Generated by org.testng.reporters.JUnitReportReporter -->
<testsuite hostname="LTIN509447" failures="0" tests="4" name="com.cts.urbanladder.test.BookshelvesTest" time="8.975" errors="0" timestamp="2026-03-17T14:06:13 IST" skipped="0">
  <testcase classname="com.cts.urbanladder.test.BookshelvesTest" name="openBookshelvesPage" time="0.674"/>
  <system-out/>
  <testcase classname="com.cts.urbanladder.test.BookshelvesTest" name="closeAd" time="0.433"/>
  <system-out/>
  <testcase classname="com.cts.urbanladder.test.BookshelvesTest" name="filterBookshelves" time="2.571"/>
  <system-out/>
  <testcase classname="com.cts.urbanladder.test.BookshelvesTest" name="printBookshelvesDetails" time="5.297"/>
  <system-out/>
</testsuite> <!-- com.cts.urbanladder.test.BookshelvesTest -->
