<?xml version="1.0" encoding="UTF-8"?>
<!-- Generated by org.testng.reporters.JUnitReportReporter -->
<testsuite hostname="LTIN509447" failures="0" tests="4" name="com.cts.urbanladder.test.TS02_Bookshelves_ExcludeOoS" time="7.870" errors="0" timestamp="2025-01-30T11:40:23 IST" skipped="0">
  <testcase classname="com.cts.urbanladder.test.TS02_Bookshelves_ExcludeOoS" name="openBookshelvesPage" time="1.515"/>
  <system-out/>
  <testcase classname="com.cts.urbanladder.test.TS02_Bookshelves_ExcludeOoS" name="closeAd" time="3.602"/>
  <system-out/>
  <testcase classname="com.cts.urbanladder.test.TS02_Bookshelves_ExcludeOoS" name="filterBookshelves" time="1.556"/>
  <system-out/>
  <testcase classname="com.cts.urbanladder.test.TS02_Bookshelves_ExcludeOoS" name="printBookshelvesDetails" time="1.197"/>
  <system-out/>
</testsuite> <!-- com.cts.urbanladder.test.TS02_Bookshelves_ExcludeOoS -->
