<?xml version="1.0" encoding="UTF-8"?>
<!-- Generated by org.testng.reporters.JUnitReportReporter -->
<testsuite hostname="LTIN509447" failures="0" tests="4" name="com.cts.urbanladder.test.BookshelvesExcludeTest" time="15.490" errors="0" timestamp="2026-06-08T11:41:27 IST" skipped="0">
  <testcase classname="com.cts.urbanladder.test.BookshelvesExcludeTest" name="openBookshelvesPage" time="0.570"/>
  <system-out/>
  <testcase classname="com.cts.urbanladder.test.BookshelvesExcludeTest" name="closeAd" time="10.147"/>
  <system-out/>
  <testcase classname="com.cts.urbanladder.test.BookshelvesExcludeTest" name="filterBookshelves" time="3.782"/>
  <system-out/>
  <testcase classname="com.cts.urbanladder.test.BookshelvesExcludeTest" name="printBookshelvesDetails" time="0.991"/>
  <system-out/>
</testsuite> <!-- com.cts.urbanladder.test.BookshelvesExcludeTest -->
