<?xml version="1.0" encoding="UTF-8"?>
<!-- Generated by org.testng.reporters.JUnitReportReporter -->
<testsuite hostname="LTIN509447" failures="0" tests="4" name="com.cts.urbanladder.test.TS01_Bookshelves" time="7.346" errors="0" timestamp="2025-01-30T12:06:10 IST" skipped="0">
  <testcase classname="com.cts.urbanladder.test.TS01_Bookshelves" name="openBookshelvesPage" time="1.331"/>
  <system-out/>
  <testcase classname="com.cts.urbanladder.test.TS01_Bookshelves" name="closeAd" time="3.172"/>
  <system-out/>
  <testcase classname="com.cts.urbanladder.test.TS01_Bookshelves" name="filterBookshelves" time="1.617"/>
  <system-out/>
  <testcase classname="com.cts.urbanladder.test.TS01_Bookshelves" name="printBookshelvesDetails" time="1.226"/>
  <system-out/>
</testsuite> <!-- com.cts.urbanladder.test.TS01_Bookshelves -->
