<?xml version="1.0" encoding="UTF-8"?>
<!-- Generated by org.testng.reporters.JUnitReportReporter -->
<testsuite hostname="LTIN509447" failures="0" tests="2" name="com.cts.urbanladder.test.StudyChairsTest" time="5.250" errors="0" timestamp="2026-06-04T14:13:16 IST" skipped="0">
  <testcase classname="com.cts.urbanladder.test.StudyChairsTest" name="searchStudyChairs" time="3.328"/>
  <system-out/>
  <testcase classname="com.cts.urbanladder.test.StudyChairsTest" name="displayStudyChairsDetails" time="1.922"/>
  <system-out/>
</testsuite> <!-- com.cts.urbanladder.test.StudyChairsTest -->
