<?xml version="1.0" encoding="UTF-8"?>
<!-- Generated by org.testng.reporters.JUnitReportReporter -->
<testsuite hostname="LTIN509447" failures="0" tests="4" name="com.cts.urbanladder.test.BookshelvesExcludeTest" time="4.413" errors="0" timestamp="2026-06-04T16:32:11 IST" skipped="0">
  <testcase classname="com.cts.urbanladder.test.BookshelvesExcludeTest" name="openBookshelvesPage" time="0.630"/>
  <system-out/>
  <testcase classname="com.cts.urbanladder.test.BookshelvesExcludeTest" name="closeAd" time="0.141"/>
  <system-out/>
  <testcase classname="com.cts.urbanladder.test.BookshelvesExcludeTest" name="filterBookshelves" time="2.788"/>
  <system-out/>
  <testcase classname="com.cts.urbanladder.test.BookshelvesExcludeTest" name="printBookshelvesDetails" time="0.854"/>
  <system-out/>
</testsuite> <!-- com.cts.urbanladder.test.BookshelvesExcludeTest -->
