<?xml version="1.0" encoding="UTF-8"?>
<!-- Generated by org.testng.reporters.JUnitReportReporter -->
<testsuite hostname="LTIN509447" failures="0" tests="2" name="com.cts.urbanladder.test.StudyChairsTest" time="6.186" errors="0" timestamp="2026-06-08T11:41:27 IST" skipped="0">
  <testcase classname="com.cts.urbanladder.test.StudyChairsTest" name="searchStudyChairs" time="3.981"/>
  <system-out/>
  <testcase classname="com.cts.urbanladder.test.StudyChairsTest" name="displayStudyChairsDetails" time="2.205"/>
  <system-out/>
</testsuite> <!-- com.cts.urbanladder.test.StudyChairsTest -->
